12:14 mZF_      : hi
12:14 jia_light : hi
12:33 Slatermy  :  placed a sign @ world: x509, z-316
  掉落物
12:43 Slatermy  :  placed a sign @ world: x508, z-326
  yes sir！
12:43 Slatermy  :  placed a sign @ world: x508, z-326
  yes sir！
  =>
12:43 Slatermy  :  placed a sign @ world: x508, z-326
  =>
  YES SIR!!!
13:33 Slatermy  :  placed a sign @ world: x508, z-326
  =>
  YES SIR!!!
  FINISHED IT
13:38 Slatermy  : 灰灰
13:38 huihuiaxy : 1
13:38 Slatermy  : 箱子里有珍珠
13:39 Slatermy  : 一整箱
13:39 Slatermy  : 在你箱子旁边
13:39 Slatermy  : 猫我抓了两只
13:39 Slatermy  : 可以搞火药他了
13:39 huihuiaxy : 小黑子塔你做了吗
13:39 Slatermy  : NO
13:40 Slatermy  : 我那天刷完就下了
13:40 Slatermy  : 然后现在才上号
13:40 Slatermy  : 我在末地
13:40 Slatermy  : 刷经验
13:41 Slatermy  : wow哪来的帽子
13:41 huihuiaxy : 升级解锁的
13:41 Slatermy  : 11
13:43 Slatermy  : 居然没有买珍珠的
13:43 huihuiaxy : 对啊
13:43 Slatermy  : 好烦
13:44 huihuiaxy : 他把加载范围改了吗
13:44 Slatermy  : 好像没有吧
13:45 Slatermy  : 你们升好快
13:45 Slatermy  : 我差你们两个等级
13:46 Slatermy  :  placed a sign @ world: x509, z-317
  食物
13:48 Slatermy  :  placed a sign @ world: x511, z-316
  批量
13:51 Slatermy  : 我觉得先做猪人塔好了
13:51 huihuiaxy : 哪来的黑曜石
13:51 Slatermy  : 毕竟金子能升级
13:51 Slatermy  : ?
13:52 Slatermy  : 什么黑曜石？
13:52 huihuiaxy : 这个可没假人帮你手砍
13:52 Slatermy  : 假人模组不能用吗？
13:52 huihuiaxy : 你猜、
13:52 Slatermy  : 我这个没装
13:53 Slatermy  : 不会吧。。
13:53 Slatermy  : 自动处死那种呢？
13:53 Slatermy  : 矿车挤死能实现吗？
13:53 Slatermy  :  placed a sign @ world: x511, z-316
  批量
13:54 huihuiaxy : 我觉得乖乖挂铁比较好
13:54 Slatermy  : 但是后期还是要找更快的办法
13:54 huihuiaxy : 你有见过民名牌吗
13:54 Slatermy  : 有
13:56 Zypre_ssen_: 为什么是方块
13:56 huihuiaxy  : 不明白什么意思
13:56 Slatermy   : +1
14:00 Slatermy   : 我挂会儿
14:05 LCMonitor  : ovo
14:05 Slatermy   : hello
14:06 LCMonitor  : 好难升级
14:06 LCMonitor  : 没钱
14:06 Slatermy   : 同感
14:07 Slatermy   : 这一点都不休闲qwq
14:07 LCMonitor  : qwq
14:15 Slatermy   : ?
14:15 Slatermy   : 6
14:16 Slatermy   : 没了
14:17 Slatermy   : 我只有一组
14:17 Slatermy   : 你要吗？
14:19 Slatermy   : wow
14:19 LCMonitor  : 帅
14:19 Slatermy   : 不容易
14:19 huihuiaxy  : q
14:19 Slatermy   : 灰灰和neck已经knight了
14:19 Slatermy   : 这东西升级真的慢qwq
14:19 LCMonitor  : 我昨天才fighter
14:19 Slatermy   : 加油
14:24 huihuiaxy  : 脚手架有吗
14:24 Slatermy   : 家里有竹子
14:25 Slatermy   : 还有线
14:25 Slatermy   : 在食物里
14:55 LCMonitor placed suspicious WATER_BUCKET @ world: x945, z657
15:04 huihuiaxy  :  placed a sign @ world: x508, z-326
  末影珍珠扔了好多但是
15:04 huihuiaxy  :  placed a sign @ world: x508, z-326
  末影珍珠扔了好多但是
  不出魔影满，可能被
  ban了
15:43 neckProtecter:  placed a sign @ world: x509, z-326
  →
  Oh Nooooo
15:43 neckProtecter:  placed a sign @ world: x509, z-326
  →
  Oh Nooooo!!!!
15:45 neckProtecter:  placed a sign @ world: x511, z-316
  批量
15:47 neckProtecter: QWQ
15:47 LCMonitor    : qwq
15:51 Slatermy     : neck
15:51 Slatermy     : 你怎么vip了
15:51 Slatermy     : 这么快
15:51 Slatermy     : 阿红羡慕
15:51 Slatermy     : 好羡慕
15:51 neckProtecter: qwq
15:51 neckProtecter: 我挂了一个晚上的铁
15:52 neckProtecter: 我在想要不要做火药塔
15:52 neckProtecter: 因为有刷怪笼了
15:52 neckProtecter: 但是刷怪笼解锁新物种要好多钱
15:52 neckProtecter: T T
15:54 Slatermy     : 有啥啊？
15:54 neckProtecter: 基本啥都有
15:54 neckProtecter: 可以看看宣传片
15:54 Slatermy     : 刷怪笼是每一种都要钱吗/
15:54 neckProtecter: 对
15:54 neckProtecter: 买一个10000
15:54 Slatermy     : 看了，但是那个图标都乱的
15:54 neckProtecter: 默认是猪
15:54 neckProtecter: 然后解锁其他的要钱
15:55 Slatermy     : o.o
15:55 neckProtecter: 苦力怕要500,000
15:55 neckProtecter: 要命了
15:55 Slatermy     : 那还是造吧T T
15:55 Slatermy     : 就正常的小的就够用了其实
15:56 Slatermy     : 挂一晚上也差不多半个箱子
15:56 neckProtecter: 那倒是
15:57 Slatermy     : 你领了装备吗？
15:57 Slatermy     : vip是不是有装备
15:57 neckProtecter: 领不了
15:57 neckProtecter: 有bug
15:57 neckProtecter: 反馈了
15:57 Slatermy     : ？
15:57 Slatermy     : 哦哦
15:57 Slatermy     : 灰灰说猪人塔没必要
15:58 Slatermy     : 挂贴就好了
15:58 neckProtecter: 可以
15:58 Slatermy     : 你怎么想
15:58 neckProtecter: 主要是挂我这边网挂机不稳定
15:58 Slatermy     : 我是觉得搞个自动处死，就不用挂假人了
15:58 neckProtecter: 昨晚想挂一晚上
15:58 neckProtecter: 结果早上一看只挂了十分钟
15:58 neckProtecter: 难受T T
15:58 Slatermy     : 服务器有挂机检测吗？
15:58 neckProtecter: 估计没有
15:59 neckProtecter: 有afk
15:59 Slatermy     : 十分钟，不会是挂机检测吧
15:59 neckProtecter: 像这样
15:59 neckProtecter: 我之前挂过两小时
15:59 Slatermy     : 这是干嘛的
15:59 neckProtecter: 挂机的意思
15:59 Slatermy     : 没用过qwq
15:59 Slatermy     : 11
15:59 neckProtecter: 一个提示吧
15:59 neckProtecter: 我们家这附近还没有海
16:00 neckProtecter: 要不不追求那么高效率了？
16:00 Slatermy     : 我觉得猪人塔比刷帖要高效
16:00 neckProtecter: 我也觉得
16:00 neckProtecter: 但是猪人塔要先岩浆块
16:00 Slatermy     : 我感觉后期要的钱是天文数字
16:00 neckProtecter: 是
16:00 neckProtecter: 不过这个danny说后面会调整
16:00 neckProtecter: 看我们反馈
16:01 Slatermy     : ?
16:01 neckProtecter: 钱钱
16:01 Slatermy     : 这还咋调整
16:01 Slatermy     : ?
16:01 neckProtecter: 刷怪笼的调低
16:01 neckProtecter: 啥的
16:03 Slatermy     : 感觉刷怪笼调低也没啥意义
16:03 Slatermy     : 刷怪笼有猪人吗？要多少？
16:04 neckProtecter: 我看下
16:05 neckProtecter: 猪人150000
16:05 Slatermy     : O.O
16:05 Slatermy     : 用不起
16:05 neckProtecter: T T
16:06 Slatermy     : ?
16:06 Slatermy     : 为啥我能打你
16:06 neckProtecter: 在火药塔坐那里
16:06 neckProtecter: 不在领地里吧
16:06 Slatermy     : 不是啊
16:06 neckProtecter: 这里试试
16:06 Slatermy     : 我打不了灰灰
16:06 neckProtecter: ?
16:06 Slatermy     : 欸？
16:07 Slatermy     : 可是我不管在哪里都打不了灰灰
16:07 neckProtecter: QWQ
16:07 neckProtecter: 灰灰开挂实锤
16:07 Slatermy     : qwq
16:07 Slatermy     : 哦不对
16:07 Slatermy     : 末地好像打得到
16:07 Slatermy     : 有可能凑巧都是领地里
16:08 Slatermy     : 火药塔造高点吧？
16:08 neckProtecter: why
16:08 neckProtecter: DANNY问刷怪笼调高效率觉得行不行
16:09 Slatermy     : 大概多高？
16:09 neckProtecter: 现在是3h 180
16:09 Slatermy     : 只？
16:09 neckProtecter: 11
16:09 Slatermy     : 3h 180只也太低了吧qwq
16:09 Slatermy     : 一分钟一只
16:09 neckProtecter: 是啊
16:09 neckProtecter: 我也这么说
16:10 Slatermy     : 火药塔少说也要四只
16:10 neckProtecter: 都不够刷怪塔刷的
16:10 Slatermy     : 对的
16:10 neckProtecter: 1800呢
16:10 Slatermy     : 感觉还是不太像
16:10 Slatermy     : 行
16:10 Slatermy     : 毕竟
16:10 Slatermy     : 贵
16:10 Slatermy     : qwq
16:11 neckProtecter: QWQ
16:11 Slatermy     : 我感觉可以调高效率同时拉低价格
16:11 neckProtecter: 哈哈哈哈
16:11 neckProtecter: 他就是嫌我们赚钱太快了
16:11 neckProtecter: 要找个地方花钱
16:11 Slatermy     : qwq
16:11 Slatermy     : 但是这样的话就没人用了
16:11 neckProtecter: 是的是的
16:12 neckProtecter: 先做个塔
16:12 neckProtecter: 用在海上吗
16:12 Slatermy     : 啊？魔影满没了？？
16:12 Slatermy     : 不用吧
16:12 Slatermy     : T T
16:13 neckProtecter: 那我直接在这做了
16:13 Slatermy     : 11
16:13 Slatermy     : 我要不要把我的领地也换过来？
16:13 neckProtecter: 你之前的在哪
16:13 Slatermy     : 我现在还在沙漠
16:13 neckProtecter: 升级顺便能升领地方块上限
16:13 neckProtecter: 我现在好像还够用
16:14 Slatermy     : 树种这里可以不？
16:14 Slatermy     : 11
16:14 neckProtecter: 种呗
16:14 Slatermy     : 提升一下居住环境qwq
16:14 neckProtecter: 好看
16:14 Slatermy     : 可惜绿宝石不够
16:15 Slatermy     : 不然可以做个院子
16:15 neckProtecter: 绿宝石 院子？
16:15 Slatermy     : 后花园
16:15 Slatermy     : 不是
16:15 Slatermy     : 绿宝石能换树苗种
16:15 neckProtecter: 你把树砍了不也掉树苗么
16:15 Slatermy     : 现在这几颗不想砍qwq
16:15 neckProtecter: QWQ
16:16 neckProtecter: 去主城花钱买
16:16 neckProtecter: 舍不得
16:16 neckProtecter: 哈哈哈
16:16 Slatermy     : 那我还是砍吧qwq
16:16 neckProtecter: 哈哈哈哈哈哈哈
16:16 Slatermy     : 中间这颗有点丑
16:16 Slatermy     : 方向不太对
16:16 neckProtecter: 是的
16:16 neckProtecter: 转九十度
16:16 Slatermy     : YES
16:16 Slatermy     : 可能是我催化啊方向不对
16:17 neckProtecter: 有可能是随机的
16:17 Slatermy     : 试试就知道了qwq
16:17 neckProtecter: yes
16:17 Slatermy     : 做篝火处死吗？
16:18 Slatermy     : 还是岩浆？
16:18 neckProtecter: 在想岩浆还是篝火
16:18 Slatermy     : 其实都可以
16:18 neckProtecter: 岩浆快一点的话不会占上限
16:19 Slatermy     : 先过一遍岩浆再烤火qwq
16:19 neckProtecter: 都来是吧
16:19 Slatermy     : 活阎王行为qwq
16:19 neckProtecter: 边岩浆边烤火
16:20 neckProtecter: 这还有个蜂巢
16:20 Slatermy     : 打掉吗？
16:20 neckProtecter: nb
16:20 neckProtecter: 不用
16:20 neckProtecter: 感觉
16:20 Slatermy     : 为啥樱花树会有蜂巢qwq
16:20 neckProtecter: QWQ
16:20 neckProtecter: 都有几率吧
16:20 Slatermy     : 不知道
16:20 Slatermy     : 第一次见
16:21 Slatermy     : 会不会太多了？
16:21 neckProtecter: 有点
16:21 neckProtecter: 两棵 或者 三棵三角形
16:21 neckProtecter: 感觉就可以
16:22 Slatermy     : 有换衣
16:22 Slatermy     : 睡个觉呗
16:24 Slatermy     : 要不直接砍树做个大的吧？
16:24 neckProtecter: DANNY问如果刷怪笼还能刷别的呢，比如建材
16:24 Slatermy     : 直接砍了做个大的樱花树？
16:24 Slatermy     : 建材？？
16:24 Slatermy     : 比如？
16:25 neckProtecter: 铁轨啊
16:25 neckProtecter: 石头啊
16:25 neckProtecter: 木头啊
16:25 neckProtecter: 啥的
16:25 neckProtecter: 啥的
16:25 neckProtecter: 我回他说
16:25 neckProtecter: 这些东西，机器的效率好像更高、、比刷怪塔还高
16:25 Slatermy     : 刷石机刷铁轨机平替？
16:25 Slatermy     : yes
16:25 Slatermy     : 但是做不了
16:25 Slatermy     : 要高频
16:26 neckProtecter: 我也刚想到
16:26 neckProtecter: 好像机器做不出来
16:26 Slatermy     : 这样倒也是可以
16:26 Slatermy     : 但是这样的话禁止高频的意义又是啥qwq
16:27 Slatermy     : 平替也可以吧
16:27 Slatermy     : 效率比正常机器肯定会低很多
16:27 Slatermy     : 11？
16:28 neckProtecter: 22?
16:28 Slatermy     : 少了两格
16:28 Slatermy     : 不都是十三吗？
16:28 Slatermy     : 11会不会有点小？
16:28 neckProtecter: 欸
16:29 neckProtecter: 哦
16:29 neckProtecter: 这里少了
16:29 Slatermy     : 噢外围
16:29 Slatermy     : 我去把活版门搞了
16:29 neckProtecter: 1111
16:30 Slatermy     : 这樱花树等下再收拾吧qwq
16:30 neckProtecter: 111哈哈哈
16:30 Slatermy     : 直接五合一好了qwq
16:30 Slatermy     : 搞个大的那种
16:31 neckProtecter: 原来那棵蛮好看的
16:31 neckProtecter: 还是个心形
16:31 Slatermy     : 那要不那颗留着？
16:31 Slatermy     : 其他的换个地方做个大的
16:31 Slatermy     : 可以在高点做
16:31 neckProtecter: 可以
16:31 Slatermy     : 以后肯定要做建筑的
16:32 Slatermy     : 11
16:32 neckProtecter: 什么高点
16:32 Slatermy     : 高一点的地方
16:32 neckProtecter: 树还是塔
16:32 Slatermy     : 做个平台刷没得
16:32 Slatermy     : 树
16:32 neckProtecter: 111
16:32 Slatermy     : 这输入法
16:32 Slatermy     : 见鬼了
16:32 neckProtecter: QWQ
16:33 neckProtecter: 坐歪了
16:33 neckProtecter: 难绷
16:33 Slatermy     : 不对吧？
16:33 Slatermy     : 是不是少了列
16:33 Slatermy     : qwqq
16:33 neckProtecter: 受不了了
16:33 neckProtecter: 哈哈哈
16:33 neckProtecter: 哈哈哈
16:34 Slatermy     : 欸？
16:35 neckProtecter: 有问题吗
16:35 Slatermy     : 这个
16:35 neckProtecter: 有我再改
16:35 neckProtecter: 奶奶的
16:36 neckProtecter: 1层or2层？
16:36 Slatermy     : 先一层吧，就俩猫
16:36 neckProtecter: 111
16:37 neckProtecter:  placed a sign @ world: x509, z-315
  石头
16:38 neckProtecter: 我居然没带灵魂沙回来
16:38 Slatermy     : 要灵魂沙干嘛？
16:38 neckProtecter: 灵魂篝火
16:38 neckProtecter: 但感觉也不用给了
16:38 Slatermy     : 1
16:39 Slatermy     : 脚手架再来几个呗
16:39 Slatermy     : 还有吗
16:39 neckProtecter: you
16:39 Slatermy     : 11
16:40 Slatermy     : 这里会不会刷蜘蛛？
16:40 neckProtecter: 不会
16:40 Slatermy     : 1
16:41 Slatermy     : 还有一只
16:41 neckProtecter: qwq
16:41 Slatermy     : qwq
16:41 Slatermy     : 外卖
16:41 Slatermy     : 外面
16:41 Slatermy     : 额
16:41 Slatermy     : 11
16:42 neckProtecter placed suspicious LAVA_BUCKET @ world: x518, z-361
16:43 neckProtecter:  placed a sign @ world: x509, z-316
  矿物
16:43 Slatermy     : 收集做好就可以封顶了
16:43 neckProtecter: 1
16:44 neckProtecter: 挂机128
16:44 Slatermy     : 不用
16:44 Slatermy     : 范围有问题的
16:44 neckProtecter: 也是
16:44 Slatermy     : 一半差不多了
16:44 neckProtecter: 11
16:45 Slatermy     :  placed a sign @ world: x509, z-315
  石头
16:47 neckProtecter: 总感觉半砖的边角会漏光
16:47 neckProtecter: 不知道是不是错觉
16:47 Slatermy     : 0
16:47 neckProtecter: hao
16:47 Slatermy     : light
16:48 neckProtecter: 71 + 64
16:51 Slatermy     : 这个蜂巢怎么说？
16:51 neckProtecter: 家里有俩了
16:51 neckProtecter: 随便处置
16:51 Slatermy     : 1
16:52 neckProtecter: 64高试一下
16:53 neckProtecter: 上来不
16:53 Slatermy     : 1
16:53 neckProtecter: 岩浆亮度有影响吧
16:53 neckProtecter: 思考
16:54 Slatermy     : light还是0
16:54 neckProtecter: 耐性
16:54 neckProtecter: 那行
16:54 neckProtecter: 外面地上都不刷怪了
16:54 neckProtecter: 笑死我了
16:54 Slatermy     : 太高了？？
16:54 neckProtecter: 绷不住
16:55 Slatermy     : 他离谱了
16:55 Slatermy     : 太
16:55 neckProtecter: 铁傀儡倒是会刷
16:55 neckProtecter: 那边疣猪兽是多少来着
16:55 Slatermy     : 我去看看
16:56 Slatermy     : 173-128
16:56 Slatermy     : 45
16:56 neckProtecter: 11
16:56 neckProtecter: 71+45
16:57 Slatermy     : 要哪颗？
16:57 Slatermy     : 这俩都挺好的
16:57 neckProtecter: 要爱心树
16:57 Slatermy     : 有俩
16:57 neckProtecter: 还是最开始这棵顺眼
16:57 Slatermy     : 来看看
16:57 Slatermy     : 1
16:57 neckProtecter: 我在camera
16:57 Slatermy     : 11
16:58 neckProtecter: 上来试下
16:58 neckProtecter: 45格
16:58 neckProtecter: 刚刚你砍樱花树外面都不刷怪啊
16:58 neckProtecter: 有点离谱了吧
16:59 Slatermy     : 以为范围小
16:59 Slatermy     : 因为
16:59 neckProtecter: T T
16:59 Slatermy     : 好神奇
16:59 Slatermy     : 要不岩浆不要试试？
16:59 neckProtecter: 11
17:00 Slatermy     : 还是没有
17:00 neckProtecter: 我从脚手架下去一点
17:00 Slatermy     : 1
17:00 neckProtecter: 103了
17:00 Slatermy     : NO
17:01 neckProtecter: 90
17:01 Slatermy     : NO
17:01 neckProtecter: 刷也没那么快吧
17:01 neckProtecter: 不是
17:01 neckProtecter: 外边也不刷
17:01 Slatermy     : 但是范围内没有怪啊
17:01 neckProtecter: 80
17:01 Slatermy     : 范围内没有怪刷怪很快的
17:01 Slatermy     : no
17:01 neckProtecter: 我离这塔就10格了
17:01 Slatermy     : 离谱
17:02 neckProtecter: 怎么可能刷
17:02 neckProtecter: qwq
17:02 Slatermy     : 我看到了qwq
17:02 neckProtecter: 24开外
17:02 neckProtecter: 71+24
17:02 neckProtecter: 还是32开外？
17:02 Slatermy     : 24
17:02 neckProtecter: 98
17:02 neckProtecter: 哥们哥们你刷一下吧
17:03 Slatermy     : 太离谱了
17:04 neckProtecter: 高一点呢？
17:04 Slatermy     : 要不还是120+试试
17:04 neckProtecter: 11
17:04 neckProtecter: 我做点脚手架
17:05 neckProtecter: 欸
17:05 neckProtecter: 刷了
17:05 neckProtecter: 刷了
17:05 neckProtecter: 我看到上海了
17:06 neckProtecter: 伤害
17:06 Slatermy     : 神奇
17:07 Slatermy     : mc未解之谜之翠云服的刷怪范围qwq
17:09 neckProtecter: 到了
17:09 neckProtecter: 笑死了
17:09 neckProtecter: 加了120
17:10 neckProtecter: 不刷
17:10 Slatermy     : 逆天刷新机制
17:10 Slatermy     : 好难
17:10 Slatermy     : T T
17:10 neckProtecter: T T
17:10 neckProtecter: 怎么感觉
17:10 neckProtecter: 高度限制大
17:10 neckProtecter: 要不躲家里试试（
17:10 Slatermy     : go
17:10 neckProtecter: 不然刚刚怎么刷了
17:11 neckProtecter: 哥们你刷一下，不然我要崩溃了
17:11 neckProtecter: qwq
17:11 Slatermy     : 好烦
17:11 Slatermy     : 这东西就好离谱
17:11 neckProtecter: 他们也没手动设置
17:12 neckProtecter: danny说
17:12 Slatermy     : 内存问题可能是
17:12 Slatermy     : 受限会有这种情况
17:12 neckProtecter: 11
17:12 Slatermy     : 唉？
17:12 Slatermy     : 我猫呢？？
17:12 neckProtecter: 在的
17:12 Slatermy     : 不是
17:12 neckProtecter: 你进去看
17:12 Slatermy     : 只有一只
17:12 neckProtecter: 我这看两只都在欸
17:13 Slatermy     : 我这看只有一只
17:13 neckProtecter: ??
17:13 neckProtecter: 你过去看看
17:13 Slatermy     : 有了
17:13 neckProtecter: NND
17:14 neckProtecter: 挖矿的时候一堆怪
17:14 neckProtecter: 去樱花树看看
17:14 neckProtecter: 你先整樱花树
17:14 neckProtecter: 我观察下
17:15 neckProtecter: 我看看外边的怪物刷新
17:15 Slatermy     : 大的要现在搭不？
17:15 neckProtecter: 你像搭就搭
17:15 neckProtecter: 妈的
17:15 Slatermy     : qwq
17:15 neckProtecter: 外边开始刷怪了
17:16 Slatermy     : 我过两天去创造试试先
17:16 neckProtecter: 1111
17:16 Slatermy     : 不是
17:16 neckProtecter: 436 69 -355
17:16 Slatermy     : 地下刷怪了
17:16 neckProtecter: 466 78 -338
17:16 Slatermy     : 这里不刷
17:16 neckProtecter: 433 71 -337
17:17 neckProtecter: 三四十格会刷
17:17 neckProtecter: 外边
17:17 Slatermy     : 那这里应该一样啊
17:17 neckProtecter: 515 71 -357
17:17 neckProtecter: 塔的坐标
17:18 neckProtecter: 在家的话距离就差不多
17:18 neckProtecter: 回家看看
17:18 Slatermy     : 我刷钱
17:18 neckProtecter: 11
17:18 Slatermy     : 不在家
17:18 neckProtecter: 好
17:18 neckProtecter: 你怎么刷钱
17:18 neckProtecter: 挖铜啊？
17:18 Slatermy     : tie
17:18 neckProtecter: 11
17:19 neckProtecter: 我把篝火拆了试试
17:20 neckProtecter: 我把那周围的火把都拆了
17:20 neckProtecter: 地上瞬间刷怪了
17:21 neckProtecter: 塔里不刷
17:21 Slatermy     : T T
17:21 Slatermy     : 绝了
17:21 neckProtecter: 塔有问题？
17:21 Slatermy     : 不会吧？
17:22 Slatermy     : 先插回去
17:22 neckProtecter: 11
17:23 Slatermy     : 不然来个苦力怕就废了
17:23 Slatermy     : 我找个视频看看
17:25 Slatermy     : 中间留五格
17:26 Slatermy     : 欸？
17:26 Slatermy     : 噢看错了
17:26 neckProtecter: QWQ
17:26 Slatermy     : qwq
17:28 Slatermy     : 没问题啊
17:28 neckProtecter: NND
17:28 Slatermy     : 就是收集不一样
17:28 Slatermy     : 好神奇
17:29 neckProtecter: 我去71 + 40
17:29 neckProtecter: 试试看
17:30 Slatermy     : 难崩
17:30 neckProtecter: 真是奇了个大怪
17:31 neckProtecter: 要说是头顶有遮挡吧
17:31 Slatermy     : 下面洞穴里都刷怪了
17:31 neckProtecter: 洞穴会刷怪
17:31 Slatermy     : 不知道
17:32 Slatermy     : 反正很神奇
17:32 Slatermy     : QAQ
17:32 neckProtecter: 要说距离不行吧，外边秒刷
17:32 neckProtecter: 但是刚刚又真的刷了两只
17:32 Slatermy     : 服务器有毒-v-
17:33 neckProtecter: 要死了
17:33 neckProtecter: 这要是做了个全刷怪塔
17:33 neckProtecter: 做完发现不刷怪
17:33 neckProtecter: awa
17:33 Slatermy     : 那就直接废了
17:33 Slatermy     : qwq
17:33 neckProtecter: 心态爆炸
17:34 neckProtecter: 你去刷钱
17:34 neckProtecter: 我再观察一下
17:35 Slatermy     : 不行了遭不住了
17:35 Slatermy     : 明天再来搞qwq
17:35 neckProtecter: 嗯呐
17:35 neckProtecter: 我也准备下了
17:35 neckProtecter: 受不了了
17:35 Slatermy     : 我挂机
17:35 neckProtecter: 好
17:35 Slatermy     : T T
17:36 Slatermy     : 要不
17:36 Slatermy     : 明天直接给它搭空中去
17:37 neckProtecter: 怎么说
17:37 Slatermy     : 防止地下刷怪抢效率
17:37 neckProtecter: 地下都不刷
17:37 neckProtecter: 吧
17:37 neckProtecter: 我是没见到
17:37 Slatermy     : 刷了
17:38 neckProtecter: 那这样的话
17:38 Slatermy     : 我渲染拉满看到有小白
17:38 neckProtecter: 就证明刷怪范围能有那么高啊
17:38 Slatermy     : 对啊
17:38 neckProtecter: 那我128挂他也不刷
17:38 Slatermy     : 但是又不刷
17:38 Slatermy     : 就很奇怪
17:38 neckProtecter: T T
17:39 neckProtecter: 我看到底下的只有血条没有怪物实体
17:39 neckProtecter: 你看到的是实体还是血条
17:39 Slatermy     :  placed a sign @ world: x509, z-316
  矿物
17:39 Slatermy     : 实体
17:39 neckProtecter: 刷了两只
17:39 neckProtecter: 苦力怕
17:39 Slatermy     : 看到了qwq
17:39 Slatermy     : 不容易
17:39 neckProtecter: 要不你上来挂
17:39 neckProtecter: 反正不影响铁
17:40 Slatermy     : 可以
17:40 neckProtecter: 欸
17:40 neckProtecter: 我在家它刷的
17:40 Slatermy     : 但是我有个大胆的想法
17:40 neckProtecter: 那在上面到底刷不刷
17:40 neckProtecter: 你说
17:40 Slatermy     : 不会还是要来回刷新吧？
17:40 Slatermy     : 我刚刚传过来他刷新
17:40 neckProtecter: 不..会...吧...
17:40 Slatermy     : 不知道qwq
17:40 neckProtecter: 我跑一下
17:40 Slatermy     : 1
17:40 neckProtecter: 怎么怪没了
17:41 Slatermy     : 刷没了
17:41 Slatermy     : qwq
17:41 neckProtecter: 哎
17:41 neckProtecter: 唉
17:41 Slatermy     : 没有
17:41 Slatermy     : 唉
17:41 Slatermy     : 算了，毁灭吧-v-
17:41 neckProtecter: 你去上边挂着吧
17:41 Slatermy     : 1
17:41 neckProtecter: 我加营火
17:42 neckProtecter: 碰碰运气
17:42 Slatermy     : 110/
17:42 Slatermy     : 还是130
17:42 neckProtecter: EMMM
17:42 neckProtecter: 思考
17:43 Slatermy     : 110吧，稳点
17:43 neckProtecter: 底下刷怪了
17:43 neckProtecter: 洞穴
17:43 neckProtecter: 我离远点
17:44 Slatermy     : 你去主城
17:44 Slatermy     : 我看看
17:44 neckProtecter: 11
17:44 neckProtecter: 到了
17:44 Slatermy     : 没了
17:44 neckProtecter: 那110吧
17:44 Slatermy     : 1
17:44 neckProtecter: 886
17:44 Slatermy     : 886
18:06 neckProtecter placed suspicious WATER_BUCKET @ world: x518, z-361
18:07 neckProtecter placed suspicious WATER_BUCKET @ world: x518, z-361
