04:24 neckProtecter: hha
04:26 neckProtecter: 你好
04:26 LCMonitor    : ovo
04:27 LCMonitor    : 好勤劳
04:27 neckProtecter: 没办法
04:27 neckProtecter: 为了头衔
05:02 neckProtecter placed suspicious WATER_BUCKET @ world: x496, z-346
05:24 neckProtecter:  placed a sign @ world: x509, z-315
  木头
05:24 neckProtecter:  placed a sign @ world: x509, z-315
  石头
05:24 neckProtecter:  placed a sign @ world: x509, z-315
  其他方块
05:24 neckProtecter:  placed a sign @ world: x509, z-316
  装备
05:24 neckProtecter:  placed a sign @ world: x509, z-316
  掉落物
05:24 neckProtecter:  placed a sign @ world: x509, z-316
  矿物
05:25 neckProtecter:  placed a sign @ world: x509, z-317
  红石元件
05:27 neckProtecter:  placed a sign @ world: x509, z-317
  附魔书
05:27 neckProtecter:  placed a sign @ world: x509, z-317
  食物
05:28 neckProtecter:  placed a sign @ world: x511, z-316
  批量
06:50 LCMonitor    : 就快可以升级了
06:51 LCMonitor    : ovo
07:02 Slatermy     : helloo
07:02 Slatermy     : hello
07:03 Slatermy     : wow怎么龙蛋都拿到了？
07:04 Slatermy     :  placed a sign @ world: x509, z-317
  食物
07:05 Slatermy     : +
08:10 Slatermy     :  placed a sign @ world: x511, z-315
  熔炉输入
10:48 Slatermy     : 你们升级好快
10:48 huihuiaxy    : tie
10:48 Slatermy     : 我拿不了
10:48 Slatermy     : ne
10:48 Slatermy     : neck没给我权限
10:49 Slatermy     : 够了够了
10:49 Slatermy     : thanks
10:50 Slatermy     : 你们连龙都打了qwq
10:50 Slatermy     : 这进度可以啊
10:51 Slatermy     : 我去点太快会被i强制退出？
10:51 huihuiaxy    : 估计新加的
10:51 huihuiaxy    : 我也被踢了
10:51 Slatermy     : 有点难崩
10:53 Slatermy     : 超、
10:53 Slatermy     : 差好多
10:54 Slatermy     : 我还是等neck回来再搞吧
10:54 Slatermy     : 你拿到鞘翅了吗？
10:54 huihuiaxy    : 没，昨晚我没去大龙
10:54 Slatermy     : 走？
10:54 Slatermy     : 去找一下
10:54 huihuiaxy    : 等
10:55 Slatermy     : 1
10:55 Slatermy     :  placed a sign @ world: x509, z-316
  掉落物
10:57 VulCaN9      : 你们好
10:57 VulCaN9      : 采访一下
10:57 Slatermy     : hello
10:57 VulCaN9      : 关于日收入
10:57 VulCaN9      : 汉化
10:57 VulCaN9      : 还有改进建议
10:57 huihuiaxy    : 不好，你们连快速点击都禁用了
10:57 Slatermy     : 同意
10:57 VulCaN9      : ?
10:57 VulCaN9      : awa
10:57 Slatermy     : 还有高频
10:57 VulCaN9      : 古德
10:57 VulCaN9      : 这东西会对外开放的
10:58 Slatermy     : 刷线机刷铁轨机都不能用qwq
10:58 VulCaN9      : 肯定是有取有舍
10:58 Slatermy     : 也是
10:58 VulCaN9      : 这个可以考虑npc出售
10:58 VulCaN9      : emm
10:58 VulCaN9      : 日收入多少捏
10:58 huihuiaxy    : neck告诉你摸底在哪了吗
10:58 VulCaN9      : 现在
10:58 Fu_j1a       : 没钱捏
10:59 huihuiaxy    : 一万
10:59 Slatermy     : 差不多
10:59 VulCaN9      : 干嘛
10:59 VulCaN9      : 说实话
10:59 VulCaN9      : qwq
10:59 Slatermy     : 我确实是一万qwq
10:59 VulCaN9      : 日活多久
10:59 huihuiaxy    : 两个小时吧
10:59 VulCaN9      : okk
10:59 Slatermy     : yes
11:00 Slatermy     : 这两天应该会玩的少
11:00 Slatermy     : 过几天会好一点
11:00 VulCaN9      : 那后面呢
11:00 VulCaN9      : 就是还想要什么玩法
11:00 VulCaN9      : awa
11:00 VulCaN9      : 作为丰富
11:00 Slatermy     : 感觉前期不是很肝，后期可能会变
11:01 huihuiaxy    : 耶，neck刷了一个经验修补
11:01 Slatermy     : 前几个等级钱不多，后面多起来就有点难顶了
11:01 VulCaN9      : 我打算在vip等级那给i可升级刷怪笼的购买权限
11:01 VulCaN9      : qwq
11:02 VulCaN9      : 然后就是吞金和产金了
11:02 huihuiaxy    : 加神化吗
11:02 Slatermy     : 灰灰你等级有多少？
11:03 huihuiaxy    : 啥，经验吗
11:03 Slatermy     : 嗯
11:03 huihuiaxy    : 0
11:03 Slatermy     : emm
11:03 Slatermy     : 咱去摸底吧？
11:03 Slatermy     : 末地
11:03 huihuiaxy    : 不知道位置
11:03 Slatermy     : 看墙
11:04 Slatermy     : e
11:05 Slatermy     : 这里
11:05 Slatermy     : come
11:06 VulCaN9      : 什么神化
11:07 huihuiaxy    : mod
11:07 huihuiaxy    : 有关于刷怪笼
11:07 VulCaN9      : 是插件嘛
11:07 huihuiaxy    : mod，不是插件
11:07 VulCaN9      : 这是插件服
11:07 VulCaN9      : 嘎嘎嘎
11:09 Slatermy     : E
11:09 huihuiaxy    : 卧槽，吓死我了
11:10 Slatermy     : 我来吧
11:12 Slatermy     : 1
11:12 huihuiaxy    : 卧槽，看比赛爽死我了
11:13 Slatermy     : 啥比赛？
11:13 huihuiaxy    : apex
11:13 Slatermy     : 66
11:13 Slatermy     : W
11:13 Slatermy     : 决赛吗？
11:13 huihuiaxy    : 小组赛
11:13 Slatermy     : 11
11:13 huihuiaxy    : 今天才开始
11:14 Slatermy     : 这样
11:14 Slatermy     : 我都不知道qwq
11:21 Slatermy     : 有城没船
11:21 Slatermy     : 好饭
11:21 Slatermy     : 好烦
11:21 Slatermy     : 噢游船
11:21 Slatermy     : 来
11:21 huihuiaxy    : 你先打、
11:21 Slatermy     : 11
11:25 Slatermy     : 没火药啊。。
11:25 Slatermy     : 难受了
11:25 Slatermy     : 我打个怪再来帮你找
11:31 Slatermy     : 灰灰通过一下
11:31 Slatermy     : 传送
11:31 huihuiaxy    : 刚才在大方块
11:31 Slatermy     : 你从哪里来的
11:37 Slatermy     : 1
11:37 Slatermy     : 找到了
11:37 Slatermy     : 但是我没火箭了上不去
11:38 Slatermy     : 快来
11:38 Slatermy     : 灰灰
11:41 huihuiaxy    : 没船啊
11:41 Slatermy     : you
11:41 Slatermy     : 在最顶上
11:43 Slatermy     : 来
11:43 Slatermy     : 上来了
11:45 Slatermy     : 传送我，我已经上来了
11:46 Slatermy     : 药水
11:46 huihuiaxy    : 可惜了，差点吃鸡
11:46 Slatermy     : qwq
11:47 Slatermy     : 走吧
11:49 Slatermy     : 小黑经验塔要不要做
11:49 huihuiaxy    : 可以做
11:51 Slatermy     : 帮我也搞点铁呗我升个级
11:51 huihuiaxy    : 没了
11:51 Slatermy     : 没事
11:51 Slatermy     : 不着急
11:52 Slatermy     : 造经验塔不
11:52 Slatermy     : 缺经验
11:54 Slatermy     : 哦对还有火药塔
11:55 huihuiaxy    : 打珍珠
11:55 Slatermy     : 1
11:55 huihuiaxy    : 拿点吃的，我忘带了
11:55 Slatermy     : 1
12:00 huihuiaxy    : 加载范围太近了，外面都没末影人
12:00 Slatermy     : 对的
12:01 Slatermy     : 我等下去那边
12:01 Slatermy     : 应该会还有点
12:05 huihuiaxy    : 我挂会机
12:05 Slatermy     : 1
12:27 Slatermy     :  placed a sign @ world: x510, z-326
  neck！看到的话帮我
  上一下权限，刷铁机的
  箱子我开不了T T
  ——Slatermy
12:28 Slatermy     : 灰灰我放了一箱子末影珍珠在你箱子里，你找一下，我明天要早起，就先下了
12:47 huihuiaxy    : 穿模啊，这个饰品
13:43 huihuiaxy placed suspicious WATER_BUCKET @ world: x488, z-299
16:11 VulCaN9      : 哈罗
16:12 Fu_j1a       : hallo
16:17 VulCaN9      :  placed a sign @ isla: x10, z47
  [balance]
16:17 VulCaN9      :  placed a sign @ isla: x10, z47
  [balance]
16:21 VulCaN9      :  placed a sign @ isla: x36, z103
  /upgrateablespa
  wners,获得可升级
  刷怪笼，仅限vip及以
  上可获得~           
16:23 VulCaN9      :  placed a sign @ isla: x36, z103
  /upgradeablespa
  wners,获得可升级刷
  怪笼，vip头衔及以上
  才可购买使用哦~   
16:23 VulCaN9      : 去你家
16:23 neckProtecter: 1
16:24 VulCaN9      : 需要一段素材
16:24 VulCaN9      : 你的指针缓缓滑过
16:24 VulCaN9      : 那个头衔页面的各个头衔
16:24 neckProtecter: 你为什么不自己拍
16:24 neckProtecter: qwq
16:24 VulCaN9      : 开光影 在外面
16:24 VulCaN9      : qwq
16:25 neckProtecter: QWQ
16:25 VulCaN9      : 我已经是vip了
16:25 VulCaN9      : a
16:25 VulCaN9      : awa
16:25 neckProtecter: 站这ok吗
16:25 VulCaN9      : 都行的
16:26 Fu_j1a       : 为什么我这地上会有金块
16:26 VulCaN9      : emm
16:26 VulCaN9      : 是你领地的标记~
16:26 Fu_j1a       : oo
16:30 VulCaN9      : 再来
16:30 VulCaN9      : qwq
16:30 neckProtecter: SAY
16:30 VulCaN9      : 在这蹲起
16:31 neckProtecter: 我关一下粘滞键
16:31 VulCaN9      : 你好
16:31 neckProtecter: 1
16:31 VulCaN9      : 这
16:31 VulCaN9      : ,,
16:32 VulCaN9      : 捡东西
16:32 VulCaN9      : ok
16:33 VulCaN9      : ok
16:33 neckProtecter: 都不用做处死了
16:33 neckProtecter: 这东西
16:33 VulCaN9      : 886了
16:33 VulCaN9      : 对的
16:33 VulCaN9      : 你权限不够
16:33 VulCaN9      : 需要伟大的vip
16:33 VulCaN9      : 心痒痒吧
16:33 neckProtecter: 我刷铁机里的铁被谁拿了
16:33 neckProtecter: 怒
16:33 VulCaN9      : 宠物系统也是 需要伟大的vip
16:33 VulCaN9      : a
16:33 neckProtecter: 不然我现在可以vip
16:33 VulCaN9      : awa
16:34 neckProtecter: 我挂了一天的机
16:34 neckProtecter: 我崩溃了
16:34 VulCaN9      : 真正肝的还在后面
16:34 VulCaN9      : 灰灰？
16:34 neckProtecter: 八成是
16:35 neckProtecter:  placed a sign @ world: x509, z-326
  ← 已经加啦！
  ——neck
16:36 neckProtecter: slate在留言板给我留言了欸
16:36 neckProtecter: 留言板最有用的一集
16:39 neckProtecter:  placed a sign @ world: x507, z-326
  我觉得可以开始搞
  猪人塔了
  金子蛮值钱的
  用不用先搞个岩浆怪
16:39 neckProtecter:  placed a sign @ world: x509, z-326
  ← 已经加啦！
  ——neck
16:39 neckProtecter:  placed a sign @ world: x507, z-326
  火药塔火速筹备
  先抓几只猫
16:40 neckProtecter:  placed a sign @ world: x508, z-326
  不过刷怪笼快实装了
  谁是vip去搞个刷怪笼
16:41 neckProtecter:  placed a sign @ world: x508, z-326
  我挂了一天的刷铁机
  怎么铁没了T T
  我等着升VIP呢
16:42 neckProtecter:  placed a sign @ world: x508, z-326
  我挂了一天的刷铁机
  怎么铁没了T T
  在挂一晚上能升VIP了
  ( •̀ ω •́ )y
18:32 neckProtecter:  placed a sign @ world: x508, z-326
  我挂了一天的刷铁机
  怎么铁没了T T
  再挂一晚上能升VIP了
  ( •̀ ω •́ )y
