02:59 Xioxe11027 placed suspicious WATER_BUCKET @ world: x-582, z190
03:33 Xioxe11027 placed suspicious WATER_BUCKET @ world: x89, z725
03:40 Xioxe11027 placed suspicious WATER_BUCKET @ world: x279, z118
03:40 Xioxe11027 placed suspicious WATER_BUCKET @ world: x259, z210
04:39 Xioxe11027 placed suspicious WATER_BUCKET @ world: x452, z-405
04:53 Xioxe11027 placed suspicious WATER_BUCKET @ world: x678, z-529
04:53 Xioxe11027 placed suspicious WATER_BUCKET @ world: x663, z-501
05:46 Xioxe11027 placed suspicious WATER_BUCKET @ world: x-595, z187
05:46 Xioxe11027 placed suspicious WATER_BUCKET @ world: x-596, z187
05:47 Xioxe11027 placed suspicious WATER_BUCKET @ world: x-595, z187
05:47 Xioxe11027 placed suspicious WATER_BUCKET @ world: x-596, z187
06:14 neckProtecter:  placed a sign @ world: x509, z-316
  矿物
07:31 neckProtecter: 这个所有者是你欸
07:40 neckProtecter:  placed a sign @ world: x509, z-315
  其他方块
08:09 VulCaN9      :  placed a sign @ isla: x36, z103
  /upgradeablespa
  wners buy 获得刷
  怪笼，vip头衔及以上
  才可购买使用哦~   
