02:25 LCBugFixer: bb
02:25 LCBugFixer: 我准备挂机了
02:25 LCBugFixer: 你你那俺爸
02:25 LCBugFixer: 你那边还有啥事情嘛
02:26 LCBugFixer: 我可以远程搞
02:26 VulCaN9   : qwq
02:26 VulCaN9   : 没啥吧
02:26 VulCaN9   : 我先搞传送试呗
02:27 LCBugFixer: okk
03:08 Slatermy  : 1
03:18 neckProtecter: /tell Slatermy 刷怪笼挂机要在十格内（升级前） 
03:31 Slatermy     : /whisper neckProtecter 铁的收购价搞错了吧？ 
03:32 Slatermy     : 后面是个
03:32 Slatermy     : 不是组
03:32 neckProtecter: 没有
03:32 neckProtecter: 我试过了
03:32 Slatermy     : ?
03:32 neckProtecter: 买的时候是一组
03:32 neckProtecter: 单词购买64个
03:33 neckProtecter: 单次
03:33 Slatermy     : 卖
03:33 neckProtecter:  placed a sign @ world: x479, z-249
  主城价格：
  买：一组1520
  卖：一组576
  【这里买是一组300】
03:33 neckProtecter: 卖你也试过了？
03:33 Slatermy     : 收购价
03:33 Slatermy     : 1
03:33 neckProtecter: 怪
03:33 Slatermy     : 卖了四个给了八百
03:33 neckProtecter: 6
03:33 Slatermy     : qwq
03:34 Slatermy     : 咱就是说可以搞一个奢侈品商店qwq
03:34 neckProtecter: 好了
03:34 neckProtecter: 奢侈品你来awa
03:34 Slatermy     : 我放后面了qwq
03:35 Slatermy     : 我等下再去找几个鞘翅去qwq
03:35 neckProtecter: 都给你电源了
03:35 neckProtecter: 店员
03:35 Slatermy     : 11
03:35 neckProtecter: 我今天要出去
03:35 neckProtecter: 鞘翅这个价格我都买不起
03:35 Slatermy     : qwq
03:35 neckProtecter: 但是感觉挺适合这个价格
03:35 neckProtecter: awa
03:35 Slatermy     : 按金苹果定价来的qq
03:35 Slatermy     : qwq
03:36 neckProtecter: 金苹果这么贵
03:36 neckProtecter: 好吧
03:36 Slatermy     : 忘记改了
03:36 neckProtecter: 我要出门了
03:36 Slatermy     : qwq
03:36 Slatermy     : 11
03:37 Slatermy     : 额
03:42 HZR3407 placed suspicious WATER_BUCKET @ world: x-117, z5520
