[19/01/2025 14:13:23] LCMonitor won Raw Gold 32 (ID: raw_gold_32, Weight: 25.0) from Golden Crate (ID: golden)
[20/01/2025 22:21:02] LCMonitor won Gold Ingot 16 (ID: gold_ingot_16, Weight: 25.0) from Silver (ID: silver_crate)
[25/01/2025 11:40:22] CX009 won Emerald Block 4 (ID: emerald_block_4, Weight: 25.0) from Silver (ID: silver_crate)
[25/01/2025 12:35:17] neckProtecter won Iron Ore 16 (ID: iron_ore_16, Weight: 25.0) from Silver (ID: silver_crate)
[25/01/2025 14:01:31] Kurt_Kong won Diamonds 8 (ID: diamonds_8, Weight: 25.0) from Silver (ID: silver_crate)
[25/01/2025 14:06:01] huihuiaxy won Budding Amethyst (ID: budding_amethyst, Weight: 25.0) from Silver (ID: silver_crate)
[25/01/2025 14:29:11] LCMonitor won Shulker (ID: shulker, Weight: 25.0) from Silver (ID: silver_crate)
[25/01/2025 14:47:43] Slatermy won Netherite Ingot 1 (ID: netherite_ingot_1, Weight: 25.0) from Silver (ID: silver_crate)
[25/01/2025 15:12:27] Kestrals_ won Emerald 32 (ID: emerald_32, Weight: 25.0) from Silver (ID: silver_crate)
[25/01/2025 15:39:37] Xioxe11027 won Netherite Ingot 1 (ID: netherite_ingot_1, Weight: 25.0) from Silver (ID: silver_crate)
[25/01/2025 15:58:27] 125235 won Golden Carrots 8 (ID: golden_carrots_8, Weight: 25.0) from Silver (ID: silver_crate)
[25/01/2025 18:07:47] Mizuki_1327 won Gold Ore 16 (ID: gold_ore_16, Weight: 25.0) from Silver (ID: silver_crate)
[26/01/2025 06:20:24] Fu_j1a won Coaal Ore 32 (ID: coaal_ore_32, Weight: 25.0) from Silver (ID: silver_crate)
[26/01/2025 09:22:25] happylig0 won Gold Key (ID: gold_key, Weight: 25.0) from Silver (ID: silver_crate)
[26/01/2025 09:22:50] happylig0 won Iron Ingot 48 (ID: iron_ingot_48, Weight: 25.0) from Golden Crate (ID: golden)
[29/01/2025 06:41:46] LCMonitor won Emerald Ore 8 (ID: emerald_ore_8, Weight: 25.0) from Silver (ID: silver_crate)
[31/01/2025 10:49:01] Skyashark won Emerald Block 4 (ID: emerald_block_4, Weight: 25.0) from Silver (ID: silver_crate)
[31/01/2025 13:06:29] StarAcheron won Wool 32 (ID: wool_32, Weight: 25.0) from Silver (ID: silver_crate)
[01/02/2025 10:42:51] Winder won Diamond Leggings (ID: diamond_leggings, Weight: 25.0) from Silver (ID: silver_crate)
[01/02/2025 11:17:32] LCBugFixer won Amethyst Cluster 32 (ID: amethyst_cluster_32, Weight: 25.0) from Silver (ID: silver_crate)
[01/02/2025 13:19:40] crocodile1456 won Iron Ingot (ID: iron_ingot, Weight: 25.0) from Silver (ID: silver_crate)
[01/02/2025 13:35:54] neck won Gold Ingot 16 (ID: gold_ingot_16, Weight: 25.0) from Silver (ID: silver_crate)
[02/02/2025 05:24:45] YinglangSama won Emerald Block 4 (ID: emerald_block_4, Weight: 25.0) from Silver (ID: silver_crate)
[02/02/2025 16:44:10] Bamboo1118 won Netherite Scrap 2 (ID: netherite_scrap_2, Weight: 25.0) from Silver (ID: silver_crate)
